2013-09-12 10:51:39.835 HelloWorld[32954:c07] Multi-tasking -> Device: YES, App: YES
2013-09-12 10:51:40.200 HelloWorld[32954:c07] Resetting plugins due to page load.
2013-09-12 10:51:40.350 HelloWorld[32954:c07] Finished load of: file:///Users/knut/Library/Application%20Support/iPhone%20Simulator/6.1/Applications/F6BE3345-E58A-4FED-AC30-07301B1E3CB2/HelloWorld.app/www/index.html
2013-09-12 13:17:17.416 HelloWorld[38174:c07] Multi-tasking -> Device: YES, App: YES
2013-09-12 13:17:17.469 HelloWorld[38174:c07] Resetting plugins due to page load.
2013-09-12 13:17:17.552 HelloWorld[38174:c07] Finished load of: file:///Users/knut/Library/Application%20Support/iPhone%20Simulator/6.1/Applications/F6BE3345-E58A-4FED-AC30-07301B1E3CB2/HelloWorld.app/www/index.html
Terminating in response to SpringBoard's termination.
2013-09-12 15:20:18.740 HelloWorld[38870:c07] Multi-tasking -> Device: YES, App: YES
2013-09-12 15:20:18.800 HelloWorld[38870:c07] Resetting plugins due to page load.
2013-09-12 15:20:18.976 HelloWorld[38870:c07] Finished load of: file:///Users/knut/Library/Application%20Support/iPhone%20Simulator/6.1/Applications/F6BE3345-E58A-4FED-AC30-07301B1E3CB2/HelloWorld.app/www/index.html
2013-09-12 16:51:53.696 HelloWorld[39561:c07] Multi-tasking -> Device: YES, App: YES
2013-09-12 16:51:53.785 HelloWorld[39561:c07] Resetting plugins due to page load.
2013-09-12 16:51:53.898 HelloWorld[39561:c07] Finished load of: file:///Users/knut/Library/Application%20Support/iPhone%20Simulator/6.1/Applications/F6BE3345-E58A-4FED-AC30-07301B1E3CB2/HelloWorld.app/www/index.html
2013-09-12 17:09:50.660 HelloWorld[39783:c07] Multi-tasking -> Device: YES, App: YES
2013-09-12 17:09:50.761 HelloWorld[39783:c07] Resetting plugins due to page load.
2013-09-12 17:09:50.853 HelloWorld[39783:c07] Finished load of: file:///Users/knut/Library/Application%20Support/iPhone%20Simulator/6.1/Applications/F6BE3345-E58A-4FED-AC30-07301B1E3CB2/HelloWorld.app/www/index.html
2013-09-12 17:10:01.165 HelloWorld[39953:c07] Multi-tasking -> Device: YES, App: YES
2013-09-12 17:10:01.261 HelloWorld[39953:c07] Resetting plugins due to page load.
2013-09-12 17:10:01.367 HelloWorld[39953:c07] Finished load of: file:///Users/knut/Library/Application%20Support/iPhone%20Simulator/6.1/Applications/F6BE3345-E58A-4FED-AC30-07301B1E3CB2/HelloWorld.app/www/index.html
2013-09-12 17:10:27.316 HelloWorld[40125:c07] Multi-tasking -> Device: YES, App: YES
2013-09-12 17:10:27.411 HelloWorld[40125:c07] Resetting plugins due to page load.
2013-09-12 17:10:27.505 HelloWorld[40125:c07] Finished load of: file:///Users/knut/Library/Application%20Support/iPhone%20Simulator/6.1/Applications/F6BE3345-E58A-4FED-AC30-07301B1E3CB2/HelloWorld.app/www/index.html
2013-09-12 17:11:49.137 HelloWorld[40325:c07] Multi-tasking -> Device: YES, App: YES
2013-09-12 17:11:49.251 HelloWorld[40325:c07] Resetting plugins due to page load.
2013-09-12 17:11:49.361 HelloWorld[40325:c07] Finished load of: file:///Users/knut/Library/Application%20Support/iPhone%20Simulator/6.1/Applications/F6BE3345-E58A-4FED-AC30-07301B1E3CB2/HelloWorld.app/www/index.html
2013-09-12 17:15:10.632 HelloWorld[40520:c07] Multi-tasking -> Device: YES, App: YES
2013-09-12 17:15:10.685 HelloWorld[40520:c07] Resetting plugins due to page load.
2013-09-12 17:15:10.836 HelloWorld[40520:c07] Finished load of: file:///Users/knut/Library/Application%20Support/iPhone%20Simulator/6.1/Applications/F6BE3345-E58A-4FED-AC30-07301B1E3CB2/HelloWorld.app/www/index.html
2013-09-12 17:16:29.459 HelloWorld[40851:c07] Multi-tasking -> Device: YES, App: YES
2013-09-12 17:16:29.522 HelloWorld[40851:c07] Resetting plugins due to page load.
2013-09-12 17:16:29.689 HelloWorld[40851:c07] Finished load of: file:///Users/knut/Library/Application%20Support/iPhone%20Simulator/6.1/Applications/F6BE3345-E58A-4FED-AC30-07301B1E3CB2/HelloWorld.app/www/index.html
Terminating in response to SpringBoard's termination.
2013-09-13 10:21:08.098 HelloWorld[41583:c07] Multi-tasking -> Device: YES, App: YES
2013-09-13 10:21:08.157 HelloWorld[41583:c07] Resetting plugins due to page load.
2013-09-13 10:21:08.278 HelloWorld[41583:c07] Finished load of: file:///Users/knut/Library/Application%20Support/iPhone%20Simulator/6.1/Applications/F6BE3345-E58A-4FED-AC30-07301B1E3CB2/HelloWorld.app/www/index.html
2013-09-13 10:21:49.571 HelloWorld[41909:c07] Multi-tasking -> Device: YES, App: YES
2013-09-13 10:21:49.608 HelloWorld[41909:c07] Resetting plugins due to page load.
2013-09-13 10:21:49.740 HelloWorld[41909:c07] Finished load of: file:///Users/knut/Library/Application%20Support/iPhone%20Simulator/6.1/Applications/F6BE3345-E58A-4FED-AC30-07301B1E3CB2/HelloWorld.app/www/index.html
2013-09-13 11:52:19.411 HelloWorld[43256:c07] Multi-tasking -> Device: YES, App: YES
2013-09-13 11:52:19.464 HelloWorld[43256:c07] Resetting plugins due to page load.
2013-09-13 11:52:19.570 HelloWorld[43256:c07] Finished load of: file:///Users/knut/Library/Application%20Support/iPhone%20Simulator/6.1/Applications/F6BE3345-E58A-4FED-AC30-07301B1E3CB2/HelloWorld.app/www/index.html
Terminating in response to SpringBoard's termination.
2013-09-13 13:03:28.999 HelloWorld[45483:c07] Multi-tasking -> Device: YES, App: YES
2013-09-13 13:03:29.054 HelloWorld[45483:c07] Resetting plugins due to page load.
2013-09-13 13:03:29.215 HelloWorld[45483:c07] Finished load of: file:///Users/knut/Library/Application%20Support/iPhone%20Simulator/6.1/Applications/E44312B3-2B03-4DC0-BD68-08B50D29E7B2/HelloWorld.app/www/index.html
Terminating in response to SpringBoard's termination.
2013-09-13 13:16:59.153 HelloWorld[47384:c07] Multi-tasking -> Device: YES, App: YES
2013-09-13 13:16:59.250 HelloWorld[47384:c07] Resetting plugins due to page load.
2013-09-13 13:16:59.357 HelloWorld[47384:c07] Finished load of: file:///Users/knut/Library/Application%20Support/iPhone%20Simulator/6.1/Applications/A8646CAD-FB26-41A4-8A76-E00BD8B316CC/HelloWorld.app/www/index.html
2013-09-13 13:38:09.030 HelloWorld[48685:c07] Multi-tasking -> Device: YES, App: YES
2013-09-13 13:38:09.067 HelloWorld[48685:c07] Resetting plugins due to page load.
2013-09-13 13:38:09.164 HelloWorld[48685:c07] Finished load of: file:///Users/knut/Library/Application%20Support/iPhone%20Simulator/6.1/Applications/A8646CAD-FB26-41A4-8A76-E00BD8B316CC/HelloWorld.app/www/index.html
2013-09-13 13:56:45.434 HelloWorld[50671:c07] Multi-tasking -> Device: YES, App: YES
2013-09-13 13:56:45.486 HelloWorld[50671:c07] Resetting plugins due to page load.
2013-09-13 13:56:45.609 HelloWorld[50671:c07] Finished load of: file:///Users/knut/Library/Application%20Support/iPhone%20Simulator/6.1/Applications/A8646CAD-FB26-41A4-8A76-E00BD8B316CC/HelloWorld.app/www/index.html
Terminating in response to SpringBoard's termination.
2013-09-13 14:20:24.486 HelloWorld[52093:c07] Multi-tasking -> Device: YES, App: YES
2013-09-13 14:20:24.525 HelloWorld[52093:c07] Resetting plugins due to page load.
2013-09-13 14:20:24.639 HelloWorld[52093:c07] Finished load of: file:///Users/knut/Library/Application%20Support/iPhone%20Simulator/6.1/Applications/A8646CAD-FB26-41A4-8A76-E00BD8B316CC/HelloWorld.app/www/index.html
2013-09-13 14:27:43.330 HelloWorld[52998:c07] Multi-tasking -> Device: YES, App: YES
2013-09-13 14:27:43.375 HelloWorld[52998:c07] Resetting plugins due to page load.
2013-09-13 14:27:43.518 HelloWorld[52998:c07] Finished load of: file:///Users/knut/Library/Application%20Support/iPhone%20Simulator/6.1/Applications/A8646CAD-FB26-41A4-8A76-E00BD8B316CC/HelloWorld.app/www/index.html
2013-09-13 14:35:44.497 HelloWorld[53709:c07] Multi-tasking -> Device: YES, App: YES
2013-09-13 14:35:44.534 HelloWorld[53709:c07] Resetting plugins due to page load.
2013-09-13 14:35:44.643 HelloWorld[53709:c07] Finished load of: file:///Users/knut/Library/Application%20Support/iPhone%20Simulator/6.1/Applications/A8646CAD-FB26-41A4-8A76-E00BD8B316CC/HelloWorld.app/www/index.html
Terminating in response to SpringBoard's termination.
